Vivado Simulator 2019.1
Copyright 1986-1999, 2001-2019 Xilinx, Inc. All Rights Reserved.
Running: /opt/Vivado/2019.1/bin/unwrapped/lnx64.o/xelab -wto 8f3443920199435eaca42eb69f4c3ed1 --incr --debug typical --relax --mt 8 -L common_components_lib -L common_pkg_lib -L casper_multiplier_lib -L casper_counter_lib -L casper_ram_lib -L casper_requantize_lib -L r2sdf_fft_lib -L secureip --snapshot tb_rTwoSDF_behav r2sdf_fft_lib.tb_rTwoSDF -log elaborate.log 
Using 8 slave threads.
Starting static elaboration
Completed static elaboration
Starting simulation data flow analysis
Completed simulation data flow analysis
Time Resolution for simulation is 1ps
Compiling package std.standard
Compiling package std.textio
Compiling package ieee.std_logic_1164
Compiling package ieee.numeric_std
Compiling package ieee.std_logic_textio
Compiling package ieee.math_real
Compiling package common_pkg_lib.common_pkg
Compiling package common_pkg_lib.common_lfsr_sequences_pkg
Compiling package common_pkg_lib.tb_common_pkg
Compiling package r2sdf_fft_lib.rtwosdfpkg
Compiling package r2sdf_fft_lib.twiddlespkg
Compiling package casper_multiplier_lib.tech_mult_component_pkg
Compiling package common_pkg_lib.common_str_pkg
Compiling architecture rtl of entity casper_counter_lib.common_counter [\common_counter(g_width=10)\]
Compiling architecture rtl of entity common_components_lib.common_delay [\common_delay(g_dat_w=18,g_depth...]
Compiling architecture rtl of entity r2sdf_fft_lib.rTwoBF [\rTwoBF(17,0)(17,0)(17,0)(17,0)\]
Compiling architecture rtl of entity common_components_lib.common_delay [\common_delay(g_dat_w=36,g_depth...]
Compiling architecture rtl of entity common_components_lib.common_bit_delay [\common_bit_delay(g_depth=512)\]
Compiling architecture rtl of entity common_components_lib.common_pipeline [\common_pipeline(g_in_dat_w=36,g...]
Compiling architecture rtl of entity common_components_lib.common_pipeline [\common_pipeline(g_representatio...]
Compiling architecture str of entity common_components_lib.common_pipeline_sl [common_pipeline_sl_default]
Compiling architecture str of entity r2sdf_fft_lib.rTwoBFStage [\rTwoBFStage(g_stage=10)(17,0)(1...]
Compiling architecture rtl of entity r2sdf_fft_lib.rTwoWeights [\rTwoWeights(g_stage=10)(9,1)\]
Compiling architecture rtl of entity common_components_lib.common_pipeline [\common_pipeline(g_representatio...]
Compiling architecture str of entity common_components_lib.common_pipeline_sl [\common_pipeline_sl(g_pipeline=3...]
Compiling architecture rtl of entity casper_multiplier_lib.ip_cmult_rtl_3dsp [\ip_cmult_rtl_3dsp(g_use_dsp="ye...]
Compiling architecture str of entity casper_multiplier_lib.tech_complex_mult [\tech_complex_mult(g_variant="3D...]
Compiling architecture rtl of entity common_components_lib.common_pipeline [\common_pipeline(g_pipeline=0,g_...]
Compiling architecture str of entity casper_multiplier_lib.common_complex_mult [\common_complex_mult(g_variant="...]
Compiling architecture rtl of entity common_components_lib.common_pipeline [\common_pipeline(g_pipeline=4,g_...]
Compiling architecture rtl of entity common_components_lib.common_pipeline [\common_pipeline(g_representatio...]
Compiling architecture str of entity common_components_lib.common_pipeline_sl [\common_pipeline_sl(g_pipeline=4...]
Compiling architecture str of entity r2sdf_fft_lib.rTwoWMul [\rTwoWMul(g_use_dsp="yes",g_vari...]
Compiling architecture rtl of entity common_components_lib.common_pipeline [\common_pipeline(g_pipeline=0,g_...]
Compiling architecture rtl of entity common_components_lib.common_pipeline [\common_pipeline(g_pipeline=0,g_...]
Compiling architecture rtl of entity casper_requantize_lib.common_round [\common_round(g_pipeline_output=...]
Compiling architecture rtl of entity common_components_lib.common_pipeline [\common_pipeline(g_pipeline=0,g_...]
Compiling architecture rtl of entity casper_requantize_lib.common_resize [\common_resize(g_pipeline_output...]
Compiling architecture str of entity casper_requantize_lib.common_requantize [\common_requantize(g_lsb_w=1,g_m...]
Compiling architecture rtl of entity common_components_lib.common_pipeline [\common_pipeline(g_in_dat_w=18,g...]
Compiling architecture str of entity r2sdf_fft_lib.rTwoSDFStage [\rTwoSDFStage(g_stage=10,g_varia...]
Compiling architecture rtl of entity casper_counter_lib.common_counter [\common_counter(g_width=9)\]
Compiling architecture rtl of entity common_components_lib.common_delay [\common_delay(g_dat_w=36,g_depth...]
Compiling architecture rtl of entity common_components_lib.common_bit_delay [\common_bit_delay(g_depth=256)\]
Compiling architecture str of entity r2sdf_fft_lib.rTwoBFStage [\rTwoBFStage(g_stage=9)(17,0)(17...]
Compiling architecture rtl of entity r2sdf_fft_lib.rTwoWeights [\rTwoWeights(g_stage=9)(8,1)\]
Compiling architecture str of entity r2sdf_fft_lib.rTwoWMul [\rTwoWMul(g_use_dsp="yes",g_vari...]
Compiling architecture str of entity r2sdf_fft_lib.rTwoSDFStage [\rTwoSDFStage(g_stage=9,g_varian...]
Compiling architecture rtl of entity casper_counter_lib.common_counter [\common_counter(g_width=8)\]
Compiling architecture rtl of entity common_components_lib.common_delay [\common_delay(g_dat_w=36,g_depth...]
Compiling architecture rtl of entity common_components_lib.common_bit_delay [\common_bit_delay(g_depth=128)\]
Compiling architecture str of entity r2sdf_fft_lib.rTwoBFStage [\rTwoBFStage(g_stage=8)(17,0)(17...]
Compiling architecture rtl of entity r2sdf_fft_lib.rTwoWeights [\rTwoWeights(g_stage=8)(7,1)\]
Compiling architecture str of entity r2sdf_fft_lib.rTwoWMul [\rTwoWMul(g_use_dsp="yes",g_vari...]
Compiling architecture str of entity r2sdf_fft_lib.rTwoSDFStage [\rTwoSDFStage(g_variant="3DSP",g...]
Compiling architecture rtl of entity casper_counter_lib.common_counter [\common_counter(g_width=7)\]
Compiling architecture rtl of entity common_components_lib.common_delay [\common_delay(g_dat_w=36,g_depth...]
Compiling architecture rtl of entity common_components_lib.common_bit_delay [\common_bit_delay(g_depth=64)\]
Compiling architecture str of entity r2sdf_fft_lib.rTwoBFStage [\rTwoBFStage(g_stage=7)(17,0)(17...]
Compiling architecture rtl of entity r2sdf_fft_lib.rTwoWeights [\rTwoWeights(g_stage=7)(6,1)\]
Compiling architecture str of entity r2sdf_fft_lib.rTwoWMul [\rTwoWMul(g_use_dsp="yes",g_vari...]
Compiling architecture str of entity r2sdf_fft_lib.rTwoSDFStage [\rTwoSDFStage(g_stage=7,g_varian...]
Compiling architecture rtl of entity casper_counter_lib.common_counter [\common_counter(g_width=6)\]
Compiling architecture rtl of entity common_components_lib.common_delay [\common_delay(g_dat_w=36,g_depth...]
Compiling architecture rtl of entity common_components_lib.common_bit_delay [\common_bit_delay(g_depth=32)\]
Compiling architecture str of entity r2sdf_fft_lib.rTwoBFStage [\rTwoBFStage(g_stage=6)(17,0)(17...]
Compiling architecture rtl of entity r2sdf_fft_lib.rTwoWeights [\rTwoWeights(g_stage=6)(5,1)\]
Compiling architecture str of entity r2sdf_fft_lib.rTwoWMul [\rTwoWMul(g_use_dsp="yes",g_vari...]
Compiling architecture str of entity r2sdf_fft_lib.rTwoSDFStage [\rTwoSDFStage(g_stage=6,g_varian...]
Compiling architecture rtl of entity casper_counter_lib.common_counter [\common_counter(g_width=5)\]
Compiling architecture rtl of entity common_components_lib.common_delay [\common_delay(g_dat_w=36)\]
Compiling architecture rtl of entity common_components_lib.common_bit_delay [common_bit_delay_default]
Compiling architecture str of entity r2sdf_fft_lib.rTwoBFStage [\rTwoBFStage(g_stage=5)(17,0)(17...]
Compiling architecture rtl of entity r2sdf_fft_lib.rTwoWeights [\rTwoWeights(g_stage=5)(4,1)\]
Compiling architecture str of entity r2sdf_fft_lib.rTwoWMul [\rTwoWMul(g_use_dsp="yes",g_vari...]
Compiling architecture str of entity r2sdf_fft_lib.rTwoSDFStage [\rTwoSDFStage(g_stage=5,g_varian...]
Compiling architecture rtl of entity casper_counter_lib.common_counter [\common_counter(g_width=4)\]
Compiling architecture rtl of entity common_components_lib.common_delay [\common_delay(g_dat_w=36,g_depth...]
Compiling architecture rtl of entity common_components_lib.common_bit_delay [\common_bit_delay(g_depth=8)\]
Compiling architecture str of entity r2sdf_fft_lib.rTwoBFStage [\rTwoBFStage(g_stage=4)(17,0)(17...]
Compiling architecture rtl of entity r2sdf_fft_lib.rTwoWeights [\rTwoWeights(3,1)\]
Compiling architecture str of entity r2sdf_fft_lib.rTwoWMul [\rTwoWMul(g_use_dsp="yes",g_vari...]
Compiling architecture str of entity r2sdf_fft_lib.rTwoSDFStage [\rTwoSDFStage(g_stage=4,g_varian...]
Compiling architecture rtl of entity casper_counter_lib.common_counter [\common_counter(g_width=3)\]
Compiling architecture rtl of entity common_components_lib.common_delay [\common_delay(g_dat_w=36,g_depth...]
Compiling architecture rtl of entity common_components_lib.common_bit_delay [\common_bit_delay(g_depth=4)\]
Compiling architecture str of entity r2sdf_fft_lib.rTwoBFStage [\rTwoBFStage(g_stage=3)(17,0)(17...]
Compiling architecture rtl of entity r2sdf_fft_lib.rTwoWeights [\rTwoWeights(g_stage=3)(2,1)\]
Compiling architecture str of entity r2sdf_fft_lib.rTwoWMul [\rTwoWMul(g_use_dsp="yes",g_vari...]
Compiling architecture str of entity r2sdf_fft_lib.rTwoSDFStage [\rTwoSDFStage(g_stage=3,g_varian...]
Compiling architecture rtl of entity casper_counter_lib.common_counter [\common_counter(g_width=2)\]
Compiling architecture rtl of entity common_components_lib.common_delay [\common_delay(g_dat_w=36,g_depth...]
Compiling architecture rtl of entity common_components_lib.common_bit_delay [\common_bit_delay(g_depth=2)\]
Compiling architecture str of entity r2sdf_fft_lib.rTwoBFStage [\rTwoBFStage(g_stage=2)(17,0)(17...]
Compiling architecture rtl of entity r2sdf_fft_lib.rTwoWeights [\rTwoWeights(g_stage=2)(1,1)\]
Compiling architecture str of entity r2sdf_fft_lib.rTwoWMul [\rTwoWMul(g_use_dsp="yes",g_vari...]
Compiling architecture rtl of entity casper_requantize_lib.common_round [\common_round(g_pipeline_output=...]
Compiling architecture rtl of entity casper_requantize_lib.common_resize [\common_resize(g_pipeline_output...]
Compiling architecture str of entity casper_requantize_lib.common_requantize [\common_requantize(g_lsb_w=0,g_m...]
Compiling architecture str of entity r2sdf_fft_lib.rTwoSDFStage [\rTwoSDFStage(g_stage=2,g_scale_...]
Compiling architecture rtl of entity casper_counter_lib.common_counter [\common_counter(g_width=1)\]
Compiling architecture rtl of entity common_components_lib.common_delay [\common_delay(g_dat_w=36,g_depth...]
Compiling architecture rtl of entity common_components_lib.common_bit_delay [\common_bit_delay(g_depth=1)\]
Compiling architecture str of entity r2sdf_fft_lib.rTwoBFStage [\rTwoBFStage(g_stage=1)(17,0)(17...]
Compiling architecture rtl of entity r2sdf_fft_lib.rTwoWeights [\rTwoWeights(g_stage=1)(0,1)\]
Compiling architecture str of entity r2sdf_fft_lib.rTwoWMul [\rTwoWMul(g_use_dsp="yes",g_vari...]
Compiling architecture str of entity r2sdf_fft_lib.rTwoSDFStage [\rTwoSDFStage(g_stage=1,g_scale_...]
Compiling architecture rtl of entity common_components_lib.common_pipeline [\common_pipeline(g_pipeline=0,g_...]
Compiling architecture rtl of entity casper_requantize_lib.common_round [\common_round(g_pipeline_output=...]
Compiling architecture rtl of entity common_components_lib.common_pipeline [\common_pipeline(g_pipeline=0,g_...]
Compiling architecture rtl of entity casper_requantize_lib.common_resize [\common_resize(g_pipeline_output...]
Compiling architecture str of entity casper_requantize_lib.common_requantize [\common_requantize(g_msb_clip=fa...]
Compiling architecture str of entity r2sdf_fft_lib.rTwoSDF [\rTwoSDF(g_use_reorder=false,g_n...]
Compiling architecture tb of entity r2sdf_fft_lib.tb_rtwosdf
Built simulation snapshot tb_rTwoSDF_behav
