INFO: [VRFC 10-163] Analyzing VHDL file "/home/talon/Documents/CASPERWORK/casper_dspdevel/casper_ram/common_ram_pkg.vhd" into library casper_ram_lib
INFO: [VRFC 10-163] Analyzing VHDL file "/home/talon/Documents/CASPERWORK/casper_dspdevel/casper_ram/tech_memory_component_pkg.vhd" into library casper_ram_lib
INFO: [VRFC 10-163] Analyzing VHDL file "/home/talon/Documents/CASPERWORK/casper_dspdevel/casper_ram/tech_memory_ram_crw_crw.vhd" into library casper_ram_lib
INFO: [VRFC 10-3107] analyzing entity 'tech_memory_ram_crw_crw'
INFO: [VRFC 10-163] Analyzing VHDL file "/home/talon/Documents/CASPERWORK/casper_dspdevel/casper_ram/tech_memory_ram_cr_cw.vhd" into library casper_ram_lib
INFO: [VRFC 10-3107] analyzing entity 'tech_memory_ram_cr_cw'
INFO: [VRFC 10-163] Analyzing VHDL file "/home/talon/Documents/CASPERWORK/casper_dspdevel/casper_ram/common_ram_crw_crw.vhd" into library casper_ram_lib
INFO: [VRFC 10-3107] analyzing entity 'common_ram_crw_crw'
INFO: [VRFC 10-163] Analyzing VHDL file "/home/talon/Documents/CASPERWORK/casper_dspdevel/casper_ram/common_paged_ram_crw_crw.vhd" into library casper_ram_lib
INFO: [VRFC 10-3107] analyzing entity 'common_paged_ram_crw_crw'
INFO: [VRFC 10-163] Analyzing VHDL file "/home/talon/Documents/CASPERWORK/casper_dspdevel/casper_ram/common_paged_ram_rw_rw.vhd" into library casper_ram_lib
INFO: [VRFC 10-3107] analyzing entity 'common_paged_ram_rw_rw'
INFO: [VRFC 10-163] Analyzing VHDL file "/home/talon/Documents/CASPERWORK/casper_dspdevel/casper_ram/common_paged_ram_r_w.vhd" into library casper_ram_lib
INFO: [VRFC 10-3107] analyzing entity 'common_paged_ram_r_w'
INFO: [VRFC 10-163] Analyzing VHDL file "/home/talon/Documents/CASPERWORK/casper_dspdevel/casper_ram/ip_xpm_ram_cr_cw.vhd" into library casper_ram_lib
INFO: [VRFC 10-3107] analyzing entity 'ip_xpm_ram_cr_cw'
INFO: [VRFC 10-163] Analyzing VHDL file "/home/talon/Documents/CASPERWORK/casper_dspdevel/casper_ram/ip_xpm_ram_crw_crw.vhd" into library casper_ram_lib
INFO: [VRFC 10-3107] analyzing entity 'ip_xpm_ram_crw_crw'
INFO: [VRFC 10-163] Analyzing VHDL file "/home/talon/Documents/CASPERWORK/casper_dspdevel/r2sdf_fft/rTwoOrder.vhd" into library r2sdf_fft_lib
INFO: [VRFC 10-3107] analyzing entity 'rTwoOrder'
INFO: [VRFC 10-163] Analyzing VHDL file "/home/talon/Documents/CASPERWORK/casper_dspdevel/r2sdf_fft/rTwoSDF.vhd" into library r2sdf_fft_lib
INFO: [VRFC 10-3107] analyzing entity 'rTwoSDF'
INFO: [VRFC 10-163] Analyzing VHDL file "/home/talon/Documents/CASPERWORK/casper_dspdevel/r2sdf_fft/rTwoSDF_tb.vhd" into library r2sdf_fft_lib
INFO: [VRFC 10-3107] analyzing entity 'tb_rTwoSDF'
