INFO: [VRFC 10-163] Analyzing VHDL file "/home/talon/Documents/CASPERWORK/casper_dspdevel/common_pkg/common_pkg.vhd" into library common_pkg_lib
INFO: [VRFC 10-163] Analyzing VHDL file "/home/talon/Documents/CASPERWORK/casper_dspdevel/casper_ram/common_ram_pkg.vhd" into library casper_ram_lib
INFO: [VRFC 10-163] Analyzing VHDL file "/home/talon/Documents/CASPERWORK/casper_dspdevel/casper_ram/tech_memory_component_pkg.vhd" into library casper_ram_lib
INFO: [VRFC 10-163] Analyzing VHDL file "/home/talon/Documents/CASPERWORK/casper_dspdevel/casper_ram/tech_memory_ram_crw_crw.vhd" into library casper_ram_lib
INFO: [VRFC 10-3107] analyzing entity 'tech_memory_ram_crw_crw'
INFO: [VRFC 10-163] Analyzing VHDL file "/home/talon/Documents/CASPERWORK/casper_dspdevel/casper_ram/tech_memory_ram_cr_cw.vhd" into library casper_ram_lib
INFO: [VRFC 10-3107] analyzing entity 'tech_memory_ram_cr_cw'
INFO: [VRFC 10-163] Analyzing VHDL file "/home/talon/Documents/CASPERWORK/casper_dspdevel/common_components/common_pipeline.vhd" into library common_components_lib
INFO: [VRFC 10-3107] analyzing entity 'common_pipeline'
INFO: [VRFC 10-163] Analyzing VHDL file "/home/talon/Documents/CASPERWORK/casper_dspdevel/casper_ram/common_ram_crw_crw.vhd" into library casper_ram_lib
INFO: [VRFC 10-3107] analyzing entity 'common_ram_crw_crw'
INFO: [VRFC 10-163] Analyzing VHDL file "/home/talon/Documents/CASPERWORK/casper_dspdevel/casper_ram/common_paged_ram_crw_crw.vhd" into library casper_ram_lib
INFO: [VRFC 10-3107] analyzing entity 'common_paged_ram_crw_crw'
INFO: [VRFC 10-163] Analyzing VHDL file "/home/talon/Documents/CASPERWORK/casper_dspdevel/common_pkg/common_pkg_tb.vhd" into library common_pkg_lib
INFO: [VRFC 10-163] Analyzing VHDL file "/home/talon/Documents/CASPERWORK/casper_dspdevel/casper_ram/ip_xpm_ram_cr_cw.vhd" into library casper_ram_lib
INFO: [VRFC 10-3107] analyzing entity 'ip_xpm_ram_cr_cw'
INFO: [VRFC 10-163] Analyzing VHDL file "/home/talon/Documents/CASPERWORK/casper_dspdevel/casper_ram/ip_xpm_ram_crw_crw.vhd" into library casper_ram_lib
INFO: [VRFC 10-3107] analyzing entity 'ip_xpm_ram_crw_crw'
INFO: [VRFC 10-163] Analyzing VHDL file "/home/talon/Documents/CASPERWORK/casper_dspdevel/casper_ram/common_paged_ram_crw_crw_tb.vhd" into library casper_ram_lib
INFO: [VRFC 10-3107] analyzing entity 'tb_common_paged_ram_crw_crw'
