
*** Running vivado
    with args -log fft_wide_unit.vds -m64 -product Vivado -mode batch -messageDb vivado.pb -notrace -source fft_wide_unit.tcl



****** Vivado v2020.1.1 (64-bit)
  **** SW Build 2960000 on Wed Aug  5 22:57:20 MDT 2020
  **** IP Build 2956692 on Thu Aug  6 01:41:30 MDT 2020
    ** Copyright 1986-2020 Xilinx, Inc. All Rights Reserved.

source fft_wide_unit.tcl -notrace
Command: synth_design -top fft_wide_unit -part xc7z020clg400-1
Starting synth_design
Attempting to get a license for feature 'Synthesis' and/or device 'xc7z020'
INFO: [Common 17-349] Got license for feature 'Synthesis' and/or device 'xc7z020'
INFO: [Device 21-403] Loading part xc7z020clg400-1
INFO: [Synth 8-7079] Multithreading enabled for synth_design using a maximum of 2 processes.
INFO: [Synth 8-7078] Launching helper process for spawning children vivado processes
INFO: [Synth 8-7075] Helper process launched with PID 12516
---------------------------------------------------------------------------------
Starting RTL Elaboration : Time (s): cpu = 00:00:04 ; elapsed = 00:00:05 . Memory (MB): peak = 1036.320 ; gain = 0.000
---------------------------------------------------------------------------------
WARNING: [Synth 8-2048] function split_w does not always return a value [C:/Users/mybur/Work/casper_dspdevel/common_pkg/common_pkg.vhd:2326]
ERROR: [Synth 8-4169] error in use clause: package 'fft_pkg' not found in library 'work' [C:/Users/mybur/Work/casper_dspdevel/casper_wb_barebones/fft_r2_bf_par.vhd:36]
INFO: [Synth 8-2810] unit fft_r2_bf_par ignored due to previous errors [C:/Users/mybur/Work/casper_dspdevel/casper_wb_barebones/fft_r2_bf_par.vhd:38]
---------------------------------------------------------------------------------
Finished RTL Elaboration : Time (s): cpu = 00:00:05 ; elapsed = 00:00:06 . Memory (MB): peak = 1092.578 ; gain = 56.258
---------------------------------------------------------------------------------
RTL Elaboration failed
INFO: [Common 17-83] Releasing license: Synthesis
7 Infos, 1 Warnings, 0 Critical Warnings and 2 Errors encountered.
synth_design failed
ERROR: [Common 17-69] Command failed: Synthesis failed - please see the console or run log file for details
INFO: [Common 17-206] Exiting Vivado at Tue Nov 24 17:47:16 2020...
